BBBBBBBB NNNNNNNN NNNNNNNNNNNNNNNN  NNNN | 48d237  N | N  correct    0
BBBBBBBB NNNNNNNN NNNNNNNNNNNNNNNN  NNNN | 48d244  N | N  correct    0
BBBBBBBB NNNNNNNN NNNNNNNNNNNNNNNN  NNNN | 48be4b  T | N  incorrect  1
BBBBBBBB NNNnNNNN NNNNNNNNNNNnNNNN  NNNT | 48bec6  N | N  correct    1
BBBBBBBB NNNnNNNN NNNNNNNNNNNnNNNN  NNTN | 48bed2  T | N  incorrect  2
BBBBBBBB NNnnNNNN nNNNNNNNNNNnNNNN  NTNT | 48c402  T | N  incorrect  3
BBBBBBBB NNtnNNNN nNNNNNNnNNNnNNNN  TNTT | 48bf2d  T | N  incorrect  4
BBBBBBBB NNtnNnNN nNNNNNnnNNNnNNNN  NTTT | 48ca60  T | N  incorrect  5
BBBBBBBB nNtnNnNN nNNNNNntNNNnNNNN  TTTT | 48bfe8  T | N  incorrect  6
bBBBBBBB tNtnNnNN nNNNNNnTNNNnNNNN  TTTT | 48c0ec  T | N  incorrect  7
bBBBBBBB tNtnnnNN nNNnNNnTNNNnNNNN  TTTT | 48ca4b  T | N  incorrect  8
bBBBBBBB tNttnnNN nNNnnNnTNNNnNNNN  TTTT | 48c140  T | T  correct    8
BBBBBBBB TNttnnNN nNNnnNnTNNNnNNNn  TTTT | 48c3ad  T | N  incorrect  9
BBBBBBBB TNttntNN nNnnnNnTNNNnNNNn  TTTT | 48c2fe  T | N  incorrect  10
BBBBBBBB TNttntnN nnnnnNnTNNNnNNNn  TTTT | 48c319  T | N  incorrect  11
BBBBBBBB TnttntnN nnnnnNtTNNNnNNNn  TTTT | 48c30c  T | N  incorrect  12
BBBBBBBB TnttttnN nnntnNtTNNNnNNNn  TTTT | 48d22f  T | N  incorrect  13
BBBBBBBB Tnttttnn tnntnNtTNNNnNNNn  TTTT | 48d25a  T | T  correct    13
BBBBBBBB TnTtttnn tnntnntTNNNnNNNn  TTTT | 48daa8  T | T  correct    13
BBBBBBBB TnTtttnn tnntnntTNNNnNNNn  TTTT | 48d26a  N | T  incorrect  14
BBbBBBBB Tnttttnn tnntnNtTNNNnNNNn  TTTN | 48d2ab  N | T  incorrect  15
BBbbBBBB Tntnttnn tnntnNtTNNNnNNNn  TTNN | 48d2b5  N | T  incorrect  16
BBbbBbBB Tntntnnn tnntnNtTNNNnNNNn  TNNN | 48d2bd  T | N  incorrect  17
BBbbBbBB Tntnttnn tnntnntTNNNnNNNn  NNNT | 48d333  N | N  correct    17
BBbbBbBB TntNttnn tnNtnntTNNNnNNNn  NNTN | 48d349  T | N  incorrect  18
BBbbBbBB TttNttnn tnNtnntTNNNtNNNn  NTNT | 48d50f  T | N  incorrect  19
BBbbBbBB TttNttnt tnNtnntTNNntNNNn  TNTT | 48d39e  T | N  incorrect  20
BBbbBbBB TttNtttt tnNtnttTNNntNNNn  NTTT | 48d4f2  T | T  correct    20
BBbbBbBB TtTNtttt tnNtnTtTNNntNNNn  TTTT | 48d29b  T | N  incorrect  21
BBbbBbBB TtTntttt tnNttTtTNNntNNNn  TTTT | 48d705  N | T  incorrect  22
BBbbBgBB TtTntntt tnNttTtTNNNtNNNn  TTTN | 48d70e  N | T  incorrect  23
BBbbBgBB TtTntnnt nnNttTtTNNNtNNNn  TTNN | 48d715  T | N  incorrect  24
BBbbBgBB TtTnttnt nnNttTtTNnNtNNNn  TNNT | 48d6ff  T | T  correct    24
BBbbBgBB TtTnttnT nnNttTTTNnNtNNNn  NNTT | 48d791  N | T  incorrect  25
BbbbBgBB TnTnttnT nnNttTTTNnNtNNNn  NTTN | 48d7a5  T | T  correct    25
BbbbBgBB TnTntTnT nnNTtTTTNnNtNNNn  TTNT | 48d75d  N | N  correct    25
BbbbBGBB TnTnttnT NnNTtTTTNnNtNNNn  TNTN | 48d767  T | T  correct    25
BbbbBGBB TnTnttnT NnNTtTTTNnNtNnNn  NTNT | 48d7e0  N | T  incorrect  26
BbbbBGBB tnTnttnT NnNTttTTNnNtNnNn  TNTN | 48d7eb  N | N  correct    26
BbbbBGBB tnTNttnT NNNTttTTNnNtNnNn  NTNN | 48d7f5  T | N  incorrect  27
BbbbBgBB tnTNtTnT NnNTttTTNnNtNnNn  TNNT | 48d809  T | N  incorrect  28
BbbbBgBB ttTNtTnT nnNTttTTNnNtNnNn  NNTT | 489358  T | T  correct    28
BbbbBgBB TtTNtTnT nnNTttTTNnNTNnNn  NTTT | 489469  T | T  correct    28
BBbbBgBB TTTNtTnT nnNTttTTNnNTNnnn  TTTT | 489af2  T | T  correct    28
BBBbBgBB TTTNtTnT nnNTttTTNnNTNtnn  TTTT | 489520  T | T  correct    28
BBBbBgBB TTTNtTnT nnNTttTTNnNTNtnt  TTTT | 489615  N | N  correct    28
BBBbBGBB TTTNttnT nnNTttTTNnNTNtnt  TTTN | 489622  T | T  correct    28
BBBbBGBB TTTNttnT nnNTttTTNnNTntnt  TTNT | 489644  T | T  correct    28
BBBbBGBB TTTNTtnT nnNTttTTNtNTntnt  TNTT | 489637  N | T  incorrect  29
BBBbBGBb TTTNTtnt nnNTttTTNtNTNtnt  NTTN | 489644  N | T  incorrect  30
BBBbbGBb TTTNttnt nnNTttTTNtNTNtnt  TTNN | 48964d  N | N  correct    30
BBBbbGBb TTTNtnnt nNNTttTTNtNTNtnt  TNNN | 489658  N | T  incorrect  31
bBBbbGBb tTTNtnnt NNNTttTTNtNTNtnt  NNNN | 48967d  N | T  incorrect  32
bBBbbgBb tTTNtNnt NNNTttTTNtNTNnnt  NNNN | 489682  N | T  incorrect  33
bBbbbgBb tTtNtNnt NNNTttTTNtNTNnnt  NNNN | 489729  N | T  incorrect  34
bBbbbgBb tttNtNnt NNNTttTTNnNTNnnt  NNNN | 489735  N | T  incorrect  35
bBbbbbBb tttNtNnt NNNTtnTTNnNTNnnt  NNNN | 48975a  T | T  correct    35
bBBbbbBb ttTNtNnt NNNTtnTTNnnTNnnt  NNNT | 489770  N | T  incorrect  36
gBBbbbBb ntTNtNnt NNNTtnTTNnnTNnnt  NNTN | 48978e  T | N  incorrect  37
gBBbbbBb ntTNtNtt NNNTtnTTNnnTnnnt  NTNT | 4897c4  T | T  correct    37
gBBbBbBb ntTNTNtt NnNTtnTTNnnTnnnt  TNTT | 489d81  N | T  incorrect  38
gbBbBbBb nnTNTNtt NnNTtnTTNnNTnnnt  NTTN | 489da9  N | N  correct    38
gBBbBbBb nNTNTNtt NnNTtnTTNnNTnnnn  TTNN | 489db7  T | T  correct    38
gBBbBbBb nNTNTNtT NnNTtnTTNnNTnnnn  TNNT | 489c5b  T | N  incorrect  39
gBBbBbBb nNTnTNtT NnnTtnTTNnNTnnnn  NNTT | 489c9b  T | N  incorrect  40
gBBbBbBb nNTtTNtT NnnTtnTTnnNTnnnn  NTTT | 48dfc8  N | N  correct    40
gBBbBbBb NNTtTNtT NnnTtnTTnnNTnnnN  TTTN | 488025  N | N  correct    40
gBBbBBBb NNTtTNtT NnnTtnTTnnNtnnnN  TTNN | 488030  T | N  incorrect  41
gBBbBBBb nNTtTNtT NnnTtnTTnnNttnnN  TNNT | 48804b  T | T  correct    41
gBBBBBBb nNTTTNtT NntTtnTTnnNttnnN  NNTT | 48835e  T | T  correct    41
gBBBBBBb nNTTTNTT NntTtnTTnnNtttnN  NTTT | 48809a  T | T  correct    41
gBBBBBBb nNTTTNTT NntTtnTTnnNttTnN  TTTT | 48dfdc  N | T  incorrect  42
gBBBBBBb nNTTtNTT NntttnTTnnNttTnN  TTTN | 48dfea  N | T  incorrect  43
gBBBBBBb nNtTtNTT NnttnnTTnnNttTnN  TTNN | 48dff6  T | T  correct    43
gBBBBBBb nNtTtNTT NnttnnTTnnnttTnN  TNNT | 48f07a  T | T  correct    43
gBBBBBBb nNTTtNTT NntTnnTTnnnttTnN  NNTT | 48d81e  T | T  correct    43
gBBBBBBb nNTTtNTT NntTnnTTnnnttTnN  NTTT | 482bce  T | T  correct    43
gBBBBBBb nNTTtNTT NntTnnTTntnttTnN  TTTT | 482f7b  T | T  correct    43
gBBBBBBb nNTTtNTT NntTtnTTntnttTnN  TTTT | 4834f8  T | T  correct    43
GBBBBBBb tNTTtNTT NntTtnTTntnttTnN  TTTT | 482fcb  N | T  incorrect  44
GBBBBBBb tNTttNTT NntTnnTTntnttTnN  TTTN | 482fd6  N | T  incorrect  45
GBBBBBbb tNTttNtT NntTnnTTNtnttTnN  TTNN | 482fdf  T | T  correct    45
GBBBBBbb tNTttNtT NntTnnTTNtnttTnN  TNNT | 482bde  N | T  incorrect  46
GBBBBBbb tNTttNnT NntTnnTtNtnttTnN  NNTN | 482c03  T | T  correct    46
GBBBBBbb tNTTtNnT NttTnnTtNtnttTnN  NTNT | 47f71d  N | N  correct    46
GBBBBBbb tNTTtNnT NttTnnTtNtnttTnN  TNTN | 47f723  T | T  correct    46
GBBBBBbb tNTTtNnT NttTnnTtNTnttTnN  NTNT | 447a07  T | T  correct    46
GBBBBBbb tNTTtNnT NtTTnnTtNTnttTnN  TNTT | 447a53  N | T  incorrect  47
GBBbBBbb tNTttNnT NtTTnnTtNTnttTnN  NTTN | 447a96  T | N  incorrect  48
GBBbBBbb tNTttNtT ntTTnnTtNTnttTnN  TTNT | 63ddd9  N | N  correct    48
GBBbBBbb tNTttNtT ntTTNnTtNTnttTnN  TNTN | 63dde7  N | T  incorrect  49
GBBbBBbb tNTttNtt ntTTNnTtNTntttnN  NTNN | 63ddf8  N | T  incorrect  50
GBBbBBbb nNTttNtt ntTTNnTtNTntntnN  TNNN | 63de13  N | T  incorrect  51
GBBbBBbb nNTntNtt ntTTNnTtNTnnntnN  NNNN | 63de47  N | T  incorrect  52
GBBbBBbb nNTntNtn ntTTNnTnNTnnntnN  NNNN | 63de4b  N | N  correct    52
GBBbBBbb nNTNtNtn ntTTNnTnNTnNntnN  NNNN | 63de53  N | N  correct    52
GBBBBBbb nNTNtNtn ntTtNnTnNTnNntnN  NNNN | 63de6b  T | N  incorrect  53
GBBBBBbb nNTntNtn ntTtNnTnNTnnntnN  NNNT | 63de47  N | N  correct    53
GBBBBBbB nNTntNtN ntTtNntnNTnnntnN  NNTN | 63de4b  N | N  correct    53
GBBBBBbB nNTNtNtN ntTtNntnNtnnntnN  NTNN | 63de53  N | N  correct    53
GBBBBBbB nNTNtNtN ntTtNntNNtnnntnN  TNNN | 63de6b  N | N  correct    53
GBBBBBbB nNTNtNtN ntTnNntNNtnnntnN  NNNN | 47f618  N | N  correct    53
GBBBBBbB NNTNtNtN ntTnNntNNtnnntnN  NNNN | 47f62c  N | T  incorrect  54
GBBBbBbB NNTNnNtN ntTnNntNNtnnNtnN  NNNN | 47f64b  N | N  correct    54
GBBBbBbB NNTNnNtN ntTnNntNNtnNNtnN  NNNN | 47f664  N | N  correct    54
GBBBbBbB NNTNNNtN ntTnNntNNtnNNtnN  NNNN | 47f669  N | N  correct    54
GBBBbBbB NNTNNNtN ntTnNntNNnnNNtnN  NNNN | 47f66e  N | T  incorrect  55
GBBBbBgB NNTNNNnN ntTnNntNNnnNNtNN  NNNN | 47f673  N | N  correct    55
GBBBbBgB NNTNNNnN ntTNNntNNnnNNtNN  NNNN | 47f67b  N | N  correct    55
GBBBbBgB NNTNNNnN ntTNNntNNnnNNtNN  NNNN | 47f685  T | N  incorrect  56
GBBBbBgB NNTNNnnN ntTNNttNNnnNNtNN  NNNT | 47f6a9  T | N  incorrect  57
GBBBbBgB NnTNNnnN ntTNNttNnnnNNtNN  NNTT | 47f6bd  T | N  incorrect  58
GBBBbBgB NnTNNtnN ntTNNttNnnnNNtnN  NTTT | 47f62c  T | N  incorrect  59
GBBBbBgB NnTNntnN ntTNNttNnnnnNtnN  TTTT | 47f6bd  N | T  incorrect  60
GBBBbBgB NnTNnnnN nttNNttNnnnnNtnN  TTTN | 47f6c9  N | N  correct    60
GBBBbBgB NNTNnnnN nttNNttNnnnnNtnN  TTNN | 446bd6  N | N  correct    60
GBBBbBgB NNTNnnNN nttNNttNnnNnNtnN  TNNN | 446bf0  N | N  correct    60
GBBBbBgB NNTNnnNN nttNNttNNnNnNtnN  NNNN | 47f6d9  T | N  incorrect  61
GBBBbBgB NnTNnnNN nttNNttNNtNnNtnN  NNNT | 482c78  T | T  correct    61
GBBBbBgB nnTNnnNN nttNNttNNTNnNtnN  NNTT | 482e39  N | N  correct    61
GBBBbBgB nNTNnnNN nttNNttNNTNnNtnN  NTTN | 482e43  N | N  correct    61
GBBBbBgB nNTNnnNN nttNNntNNTNnNtnN  TTNN | 482e50  N | N  correct    61
GBBBbBgB NNTNnnNN nttNNntNNTNnNtnN  TNNN | 482e60  N | N  correct    61
GBBBbBgB NNTNnnNN nttNNntNNTNnNtnN  NNNN | 482e6a  N | T  incorrect  62
GBbBbBgB NNtNnnNN nttNNntNNTNnNtnN  NNNN | 482e75  N | N  correct    62
GBbBbBgB NNtNnNNN nttNNNtNNTNnNtnN  NNNN | 482e88  N | N  correct    62
GBbBbBgB NNtNnNNN nttNNNtNNTNnNtnN  NNNN | 482e98  N | N  correct    62
GBbBbBgB NNtNnNNN nttNNNtNNTNnNtnN  NNNN | 482ea8  N | N  correct    62
GBbBbBgB NNtNnNNN nttNNNtNNTNnNtnN  NNNN | 482eb8  N | N  correct    62
GBbBbBgB NNtNnNNN nttNNNtNNTNnNtnN  NNNN | 482ec8  N | N  correct    62
GBbBbBgB NNtNnNNN nttNNNtNNTNnNtnN  NNNN | 482ed8  N | N  correct    62
GBbBbBgB NNtNnNNN nttNNNtNNTNnNtnN  NNNN | 482ee2  N | T  incorrect  63
GBbBbBgB NNnNnNNN ntnNNNtNNTNnNtnN  NNNN | 482c8a  N | N  correct    63
GBbBbBgB NNNNnNNN ntnNNNtNNTNnNtnN  NNNN | 482c9b  N | N  correct    63
GBbBbBgB NNNNnNNN ntnNNNtNNTNNNtnN  NNNN | 482cb9  T | N  incorrect  64
GbbBbBgB NnNNnNNN ntnNNNtNNTNNNtnN  NNNT | 482cd1  N | N  correct    64
GbbBbBgB NNNNnNNN NtnNNNtNNTNNNtnN  NNTN | 482cda  N | N  correct    64
GbbBbBgB NNNNnNNN NtnNNNtNNTNNNtnN  NTNN | 482ce6  N | N  correct    64
GbbBbBgB NNNNnNNN NtNNNNtNNTNNNtnN  TNNN | 482cf0  T | N  incorrect  65
GbbBbBgB nNNNnNNN NtNNNNtNnTNNNtnN  NNNT | 4834c0  N | T  incorrect  66
gbbBbBgB NNNNnNNN NnNNNNtNnTNNNtnN  NNTN | 482cfe  N | N  correct    66
gbbBbBgB NNNNnNNN NnNNNNtNnTNNNtnN  NTNN | 482d0b  N | N  correct    66
gbbBbBgB NNNNnNNN NnNNNNtNnTNNNtnN  TNNN | 482d17  N | N  correct    66
gbbBbBgB NNNNnNNN NnNNNNtNnTNNNtnN  NNNN | 482d32  N | N  correct    66
gbbBbBgB NNNNnNNN NnNNNNtNnTNNNtnN  NNNN | 482d40  T | N  incorrect  67
gbbBbBgB nNNNnNNN nnNNNNtNnTNNNtnN  NNNT | 482d4c  T | N  incorrect  68
gbbBgBgB nNNNtNNN nnNNNNtNnTNNNTnN  NNTT | 482d58  N | N  correct    68
gbbBgBgB NNNNtNNN nnNNNNtNnTNNNTnN  NTTN | 482d60  T | T  correct    68
GbbBgBgB nNNNtNNN nnNNNNTNnTNNNTnN  TTNT | 482d84  T | T  correct    68
GbbBgBgB nNNNTNNN nnNNNNTNnTNNNTnN  TNTT | 482d99  N | N  correct    68
GbbBgBgB nNNNTNNN nnNNNNTNnTNNNTnN  NTTN | 482da4  T | N  incorrect  69
GbbBbBgB nNNNTNNN nnnNNNTNnTNNNTnN  TTNT | 48345c  T | T  correct    69
GbbBBBgB nNNNTNNN ntnNNNTNnTNNNTnN  TNTT | 482e07  N | N  correct    69
GbbBBBgB nNNNTNNN ntnNNNTNnTNNNTnN  NTTN | 482e12  T | N  incorrect  70
GbbBBBgB nNnNTNNN ntnNnNTNnTNNNTnN  TTNT | 48317f  T | N  incorrect  71
GbbBBBgB nNnNTNNn nttNnNTNnTNNNTnN  TNTT | 4836cc  T | T  correct    71
GbbBBBgB nNnNTNNn nttNnNTnnTNNNTnN  NTTT | 4831e7  N | N  correct    71
GbbBBBgB nNnNTNNN NttNnNTnnTNNNTnN  TTTN | 4831fb  T | N  incorrect  72
GbbBBBgB nNnnTNNN NttNnnTnnTNNNTnN  TTNT | 483707  T | N  incorrect  73
GbbBBBgB nNnnTNNn NttNnnTnnTnNNTnN  TNTT | 483259  N | N  correct    73
GBbBBBgB nNnnTNNn NtnNnnTnnTnNNTnN  NTTN | 483268  T | N  incorrect  74
GBbBBBgB tNnnTNNn NtnNnnTnnTnNNTtN  TTNT | 483865  T | N  incorrect  75
GBbBBBgB tNnnTnNn NtnNnnTntTnNNTtN  TNTT | 482e1d  N | N  correct    75
GBbBBBgB tNnnTNNn NtnNnntntTnNNTtN  NTTN | 48d856  N | N  correct    75
GBbBBBgB tNnnTNNn NtnNnntntTnNNTtN  TTNN | 48d868  T | N  incorrect  76
gBbBBBgB TNnnTNNn NtnNtntntTnNNTtN  TNNT | 48d781  T | N  incorrect  77
gbbBBBgB TnnnTNNn NtnNtntnTTnNNTtN  NNTT | 48d6aa  T | N  incorrect  78
gbgBBBgB TntnTNNn NtnNtntnTTnNNTtN  NTTT | 48db81  N | N  correct    78
gBgBBBgB TNtnTNNn NtnNtnnnTTnNNTtN  TTTN | 48db8b  T | N  incorrect  79
gBgBBBgB TNttTNNn NtnNttnnTTnNNTtN  TTNT | 48dc5a  N | N  correct    79
gBGBBBgB TNntTNNn NtnNttnNTTnNNTtN  TNTN | 48dc68  T | N  incorrect  80
bBGBBBgB TNntTNNn NttNttnNTTnNNTtN  NTNT | 48dba7  T | N  incorrect  81
bBGBBBgb TNntTNNt NtTNttnNTTnNNTtN  TNTT | 492c46  N | T  incorrect  82
bBGBBBbb TNntTNNt NtTNttnNTTnNNttN  NTTN | 492c56  N | N  correct    82
bBGBBBbb TNntTNNt NtTNttnNTTnNNttN  TTNN | 47ee74  N | T  incorrect  83
bBGBBBbb TNnttNNt NtTNttnNtTnNNttN  TNNN | 63ddd9  N | N  correct    83
bBGBBBbb TNnttNNt NnTNttnNtTnNNttN  NNNN | 63dde7  N | T  incorrect  84
bBGBBBbg TNnttNNn NnTNttnNtTnNNttN  NNNN | 63ddf8  N | T  incorrect  85
bBGBBBbg tNnttNNn NnTNttnNnTnNNttN  NNNN | 63de13  N | T  incorrect  86
bBGbBBbg tNnntNNn NnTNttnNnTnNNttN  NNNN | 63de47  N | N  correct    86
bBGbBBbg tNnntNNN NnTNttnNnTnNNttN  NNNN | 63de4b  T | N  incorrect  87
bBGbBBbg tNnttNNN NnTNttnNnTnnNttN  NNNT | 47ee74  N | T  incorrect  88
bBGbBBbg tNntnNNN NnTNtnnNnTnnNttN  NNTN | 63e148  N | T  incorrect  89
gBGbBBbg nNntnNNN NnTNtnnNnTNnNttN  NTNN | 63e150  N | T  incorrect  90
bBGbBBbg NNntnNNN NnTNnnnNnTNnNttN  TNNN | 63e160  N | N  correct    90
bBGbBBbg NNntnNNN NnTNnnnNNTNnNttN  NNNN | 63e17f  N | N  correct    90
bBGbBBbg NNntnNNN NnTNnnnNNTNnNttN  NNNN | 63e1b7  N | N  correct    90
bBGbBBbg NNntnNNN NnTNnnnNNTNnNttN  NNNN | 63e1bf  N | N  correct    90
bBGbBBbg NNntnNNN NnTNnnnNNTNnNttN  NNNN | 63e1c7  N | N  correct    90
bBGbBBbg NNntnNNN NnTNnnnNNTNnNttN  NNNN | 63e1e3  T | T  correct    90
bBGBBBbg NNnTnNNN NnTnnnnNNTNnNttN  NNNT | 63e1b7  N | N  correct    90
bBGBBBbg NNnTnNNN NnTnnnNNNTNnNttN  NNTN | 63e1bf  N | T  incorrect  91
bBGBBBbb NNnTnNNN NnTnnnNNNTNnNntN  NTNN | 63e1c7  N | N  correct    91
bBGBBBbb NNnTnNNN NnTNnnNNNTNnNntN  TNNN | 63e1e3  N | T  incorrect  92
bBGbBBbb NNntnNNN NnTNnnNNNTNNNntN  NNNN | 63de6b  T | T  correct    92
bBGBBBbb NNnTnNNN NnTNnnNNNTNnNntN  NNNT | 63de47  N | N  correct    92
bBGBBBbb NNnTnNNN NnTNnnNNNTNnNntN  NNTN | 63de4b  T | T  correct    92
bBGBBBbb NNnTnNNN NnTNnnNNNTNnNntN  NTNT | 47ee74  N | N  correct    92
bBGBBBbb NNnTNNNN NNTNnnNNNTNnNntN  TNTN | 63e148  N | N  correct    92
BBGBBBbb NNnTNNNN NNtNnnNNNTNnNntN  NTNN | 63e150  N | N  correct    92
